#
# A fatal error has been detected by the Java Runtime Environment:
#
#  SIGSEGV (0xb) at pc=0x00007f1d35069a7a, pid=2572, tid=0x00007f1d08116700
#
# JRE version: Java(TM) SE Runtime Environment (8.0_101-b13) (build 1.8.0_101-b13)
# Java VM: Java HotSpot(TM) 64-Bit Server VM (25.101-b13 mixed mode linux-amd64 compressed oops)
# Problematic frame:
# v  ~BufferBlob::jni_fast_GetLongField
#
# Failed to write core dump. Core dumps have been disabled. To enable core dumping, try "ulimit -c unlimited" before starting Java again
#
# If you would like to submit a bug report, please visit:
#   http://bugreport.java.com/bugreport/crash.jsp
# The crash happened outside the Java Virtual Machine in native code.
# See problematic frame for where to report the bug.
#

---------------  T H R E A D  ---------------

Current thread (0x00007f1d44347800):  JavaThread "AWT-XAWT" daemon [_thread_in_native, id=2634, stack(0x00007f1d08016000,0x00007f1d08117000)]

siginfo: si_signo: 11 (SIGSEGV), si_code: 1 (SEGV_MAPERR), si_addr: 0x0000000000000000

Registers:
RAX=0x00007f1d4c354400, RBX=0x00007f1d443479f8, RCX=0x00007f1d4cdb9320, RDX=0x0000000000000042
RSP=0x00007f1d08115478, RBP=0x00007f1d081154a0, RSI=0x0000000000000000, RDI=0x00007f1d443479f8
R8 =0x00000000eda2e03d, R9 =0x0000000000000000, R10=0x000000000000001c, R11=0x00007f1d352743d8
R12=0x00007f1cc8065640, R13=0x0000000000000000, R14=0x00007f1d2152a7e0, R15=0x00007f1d44347800
RIP=0x00007f1d35069a7a, EFLAGS=0x0000000000010246, CSGSFS=0x0000000000000033, ERR=0x0000000000000004
  TRAPNO=0x000000000000000e

Top of Stack: (sp=0x00007f1d08115478)
0x00007f1d08115478:   00007f1d21308ef1 00007f1d3445efe8
0x00007f1d08115488:   00007f1cc8065640 00007f1d08115550
0x00007f1d08115498:   00007f1d08115520 0000000000000000
0x00007f1d081154a8:   00007f1d20decae8 00007f1d3445efe8
0x00007f1d081154b8:   00007f1d081154e0 0000000000000000
0x00007f1d081154c8:   00007f1d20de49a3 00007f1d08115550
0x00007f1d081154d8:   00007f1d2130212f 00007f1d08115530
0x00007f1d081154e8:   00007f1d35274476 0000000000000000
0x00007f1d081154f8:   00007f1d352647b6 00007f1d08115550
0x00007f1d08115508:   00007f1d351631ac 000000076d4c7ca8
0x00007f1d08115518:   00007f1d081155b0 000000076d4390e8
0x00007f1d08115528:   0000000000000000 00007f1d081155b0
0x00007f1d08115538:   00007f1d35007a90 00007f1d081155b0
0x00007f1d08115548:   00007f1d35007a90 0000000000000000
0x00007f1d08115558:   00007f1d35007dd0 00007f1cd0000e30
0x00007f1d08115568:   000000076d4c7ca8 00007f1d08115570
0x00007f1d08115578:   00007f1d34550f44 00007f1d081155f8
0x00007f1d08115588:   00007f1d3455a6f0 0000000000000000
0x00007f1d08115598:   00007f1d34551080 00007f1d08115550
0x00007f1d081155a8:   00007f1d081155f0 00007f1d08115640
0x00007f1d081155b8:   00007f1d350082bd 0000000000000000
0x00007f1d081155c8:   0000000000000000 0000000000000000
0x00007f1d081155d8:   0000000000000000 0000000000000000
0x00007f1d081155e8:   000000076d4c7ca8 0000000000000000
0x00007f1d081155f8:   000000076d46fe98 00007f1d08115600
0x00007f1d08115608:   00007f1d34550d85 00007f1d08115650
0x00007f1d08115618:   00007f1d3455a6f0 0000000000000000
0x00007f1d08115628:   00007f1d34550d90 00007f1d081155f0
0x00007f1d08115638:   00007f1d08115650 00007f1d08115698
0x00007f1d08115648:   00007f1d35008302 000000076d46fe98
0x00007f1d08115658:   00007f1d08115658 00007f1d34066993
0x00007f1d08115668:   00007f1d081156a8 00007f1d340ede98 

Instructions: (pc=0x00007f1d35069a7a)
0x00007f1d35069a5a:   00 00 00 00 00 00 44 8b 15 21 a4 32 17 4c 8b ce
0x00007f1d35069a6a:   41 f6 c2 01 0f 85 2e 00 00 00 4d 33 ca 4d 33 ca
0x00007f1d35069a7a:   4d 8b 09 4c 8b da 49 c1 eb 02 4b 8b 04 19 49 bb
0x00007f1d35069a8a:   88 3e 39 4c 1d 7f 00 00 4c 33 d8 4c 33 d8 45 3b 

Register to memory mapping:

RAX=0x00007f1d4c354400: <offset 0xf82400> in /usr/lib/jvm/java-8-oracle/jre/lib/amd64/server/libjvm.so at 0x00007f1d4b3d2000
RBX=0x00007f1d443479f8 is an unknown value
RCX=0x00007f1d4cdb9320: <offset 0x219320> in /lib/x86_64-linux-gnu/libpthread.so.0 at 0x00007f1d4cba0000
RDX=0x0000000000000042 is an unknown value
RSP=0x00007f1d08115478 is pointing into the stack for thread: 0x00007f1d44347800
RBP=0x00007f1d081154a0 is pointing into the stack for thread: 0x00007f1d44347800
RSI=0x0000000000000000 is an unknown value
RDI=0x00007f1d443479f8 is an unknown value
R8 =0x00000000eda2e03d is an unknown value
R9 =0x0000000000000000 is an unknown value
R10=0x000000000000001c is an unknown value
R11=0x00007f1d352743d8 is at entry_point+24 in (nmethod*)0x00007f1d35274250
R12=0x00007f1cc8065640 is an unknown value
R13=0x0000000000000000 is an unknown value
R14=0x00007f1d2152a7e0: <offset 0x2587e0> in /usr/lib/jvm/java-8-oracle/jre/lib/amd64/libawt_xawt.so at 0x00007f1d212d2000
R15=0x00007f1d44347800 is a thread


Stack: [0x00007f1d08016000,0x00007f1d08117000],  sp=0x00007f1d08115478,  free space=1021k
Native frames: (J=compiled Java code, j=interpreted, Vv=VM code, C=native code)
v  ~BufferBlob::jni_fast_GetLongField
C  [libX11.so.6+0x61ae8]  _XimServerDestroy+0x58

Java frames: (J=compiled Java code, j=interpreted, Vv=VM code)
J 603  sun.awt.X11.XlibWrapper.XFilterEvent(JJ)Z (0 bytes) @ 0x00007f1d35274404 [0x00007f1d352743c0+0x44]
j  sun.awt.X11.XToolkit.run(Z)V+300
j  sun.awt.X11.XToolkit.run()V+5
j  java.lang.Thread.run()V+11
v  ~StubRoutines::call_stub

---------------  P R O C E S S  ---------------

Java Threads: ( => current thread )
  0x00007f1d44392000 JavaThread "Thread-1" [_thread_blocked, id=2642, stack(0x00007f1ce36d7000,0x00007f1ce37d8000)]
  0x00007f1d44390000 JavaThread "AWT-EventQueue-0" [_thread_blocked, id=2641, stack(0x00007f1ce37d8000,0x00007f1ce38d9000)]
  0x00007f1d4438a000 JavaThread "AWT-Shutdown" [_thread_blocked, id=2640, stack(0x00007f1ce38d9000,0x00007f1ce39da000)]
=>0x00007f1d44347800 JavaThread "AWT-XAWT" daemon [_thread_in_native, id=2634, stack(0x00007f1d08016000,0x00007f1d08117000)]
  0x00007f1d44321000 JavaThread "Java2D Disposer" daemon [_thread_blocked, id=2632, stack(0x00007f1d20041000,0x00007f1d20142000)]
  0x00007f1d44211800 JavaThread "Service Thread" daemon [_thread_blocked, id=2623, stack(0x00007f1d218fe000,0x00007f1d219ff000)]
  0x00007f1d4420e800 JavaThread "C1 CompilerThread3" daemon [_thread_blocked, id=2622, stack(0x00007f1d219ff000,0x00007f1d21b00000)]
  0x00007f1d4420c800 JavaThread "C2 CompilerThread2" daemon [_thread_blocked, id=2621, stack(0x00007f1d21b00000,0x00007f1d21c01000)]
  0x00007f1d4420a800 JavaThread "C2 CompilerThread1" daemon [_thread_blocked, id=2620, stack(0x00007f1d21c01000,0x00007f1d21d02000)]
  0x00007f1d44207800 JavaThread "C2 CompilerThread0" daemon [_thread_blocked, id=2619, stack(0x00007f1d21d02000,0x00007f1d21e03000)]
  0x00007f1d44206000 JavaThread "Signal Dispatcher" daemon [_thread_blocked, id=2618, stack(0x00007f1d21e03000,0x00007f1d21f04000)]
  0x00007f1d441d3000 JavaThread "Finalizer" daemon [_thread_blocked, id=2607, stack(0x00007f1d225e6000,0x00007f1d226e7000)]
  0x00007f1d441ce800 JavaThread "Reference Handler" daemon [_thread_blocked, id=2606, stack(0x00007f1d226e7000,0x00007f1d227e8000)]
  0x00007f1d44009800 JavaThread "main" [_thread_in_native, id=2576, stack(0x00007f1d4cec4000,0x00007f1d4cfc5000)]

Other Threads:
  0x00007f1d441c7000 VMThread [stack: 0x00007f1d227e8000,0x00007f1d228e9000] [id=2603]
  0x00007f1d44214800 WatcherThread [stack: 0x00007f1d217fd000,0x00007f1d218fe000] [id=2625]

VM state:not at safepoint (normal execution)

VM Mutex/Monitor currently owned by a thread: None

Heap:
 PSYoungGen      total 74752K, used 37232K [0x000000076d100000, 0x0000000772400000, 0x00000007c0000000)
  eden space 64512K, 57% used [0x000000076d100000,0x000000076f55c188,0x0000000771000000)
  from space 10240K, 0% used [0x0000000771a00000,0x0000000771a00000,0x0000000772400000)
  to   space 10240K, 0% used [0x0000000771000000,0x0000000771000000,0x0000000771a00000)
 ParOldGen       total 171008K, used 0K [0x00000006c7200000, 0x00000006d1900000, 0x000000076d100000)
  object space 171008K, 0% used [0x00000006c7200000,0x00000006c7200000,0x00000006d1900000)
 Metaspace       used 9839K, capacity 10026K, committed 10240K, reserved 1058816K
  class space    used 1101K, capacity 1187K, committed 1280K, reserved 1048576K

Card table byte_map: [0x00007f1d494aa000,0x00007f1d49c72000] byte_map_base: 0x00007f1d45e71000

Marking Bits: (ParMarkBitMap*) 0x00007f1d4c393120
 Begin Bits: [0x00007f1d08390000, 0x00007f1d0c1c8000)
 End Bits:   [0x00007f1d0c1c8000, 0x00007f1d10000000)

Polling page: 0x00007f1d4cfdd000

CodeCache: size=245760Kb used=2745Kb max_used=2763Kb free=243014Kb
 bounds [0x00007f1d35000000, 0x00007f1d352c0000, 0x00007f1d44000000]
 total_blobs=1155 nmethods=663 adapters=406
 compilation: enabled

Compilation events (10 events):
Event: 9045.001 Thread 0x00007f1d4420e800  659       1       sun.awt.X11.XWindow::isShowing (5 bytes)
Event: 9045.001 Thread 0x00007f1d4420e800 nmethod 659 0x00007f1d352a1210 code [0x00007f1d352a1360, 0x00007f1d352a1470]
Event: 9233.409 Thread 0x00007f1d4420e800  660       3       sun.awt.X11.XAtom::getAtomSize (4 bytes)
Event: 9233.410 Thread 0x00007f1d4420e800 nmethod 660 0x00007f1d352a0e90 code [0x00007f1d352a1000, 0x00007f1d352a1190]
Event: 9233.410 Thread 0x00007f1d4420e800  661       3       sun.awt.X11.XAtom::get (23 bytes)
Event: 9233.410 Thread 0x00007f1d4420e800 nmethod 661 0x00007f1d352aab50 code [0x00007f1d352aad20, 0x00007f1d352ab568]
Event: 9378.746 Thread 0x00007f1d4420e800  662       3       sun.awt.X11.XAtomList::add (12 bytes)
Event: 9378.746 Thread 0x00007f1d4420e800 nmethod 662 0x00007f1d352aa710 code [0x00007f1d352aa880, 0x00007f1d352aaaa8]
Event: 9378.846 Thread 0x00007f1d4420e800  663       3       sun.awt.X11.XWM::getWM (27 bytes)
Event: 9378.847 Thread 0x00007f1d4420e800 nmethod 663 0x00007f1d352aa1d0 code [0x00007f1d352aa360, 0x00007f1d352aa5f8]

GC Heap History (0 events):
No events

Deoptimization events (6 events):
Event: 0.477 Thread 0x00007f1d44390000 Uncommon trap: reason=unstable_if action=reinterpret pc=0x00007f1d3522f364 method=sun.java2d.xr.XRCompositeManager.XRRenderRectangles(Lsun/java2d/xr/XRSurfaceData;Lsun/java2d/xr/GrowableRectArray;)V @ 33
Event: 0.531 Thread 0x00007f1d44390000 Uncommon trap: reason=unstable_if action=reinterpret pc=0x00007f1d35217328 method=sun.java2d.xr.GrowableRectArray.pushRectValues(IIII)V @ 25
Event: 0.531 Thread 0x00007f1d44390000 Uncommon trap: reason=class_check action=maybe_recompile pc=0x00007f1d3521610c method=sun.java2d.SunGraphics2D.validateColor()V @ 95
Event: 0.532 Thread 0x00007f1d44390000 Uncommon trap: reason=unstable_if action=reinterpret pc=0x00007f1d352118bc method=sun.java2d.xr.XRSurfaceData.validateAsDestination(Lsun/java2d/SunGraphics2D;Lsun/java2d/pipe/Region;)V @ 24
Event: 0.532 Thread 0x00007f1d44390000 Uncommon trap: reason=unstable_if action=reinterpret pc=0x00007f1d35213fe8 method=sun.java2d.xr.XRCompositeManager.validateCompositeState(Ljava/awt/Composite;Ljava/awt/geom/AffineTransform;Ljava/awt/Paint;Lsun/java2d/SunGraphics2D;)V @ 59
Event: 9383.967 Thread 0x00007f1d44347800 Uncommon trap: reason=bimorphic action=maybe_recompile pc=0x00007f1d352ae6a4 method=sun.awt.X11.XToolkit.dispatchEvent(Lsun/awt/X11/XEvent;)V @ 167

Internal exceptions (10 events):
Event: 0.026 Thread 0x00007f1d44009800 Exception <a 'java/lang/NoSuchMethodError': Method sun.misc.Unsafe.prefetchRead(Ljava/lang/Object;J)V name or signature does not match> (0x000000076d107fa8) thrown at [/HUDSON3/workspace/8-2-build-linux-amd64/jdk8u101/7261/hotspot/src/share/vm/prims/jni.c
Event: 0.087 Thread 0x00007f1d44009800 Exception <a 'java/security/PrivilegedActionException'> (0x000000076d1850b8) thrown at [/HUDSON3/workspace/8-2-build-linux-amd64/jdk8u101/7261/hotspot/src/share/vm/prims/jvm.cpp, line 1386]
Event: 0.087 Thread 0x00007f1d44009800 Exception <a 'java/security/PrivilegedActionException'> (0x000000076d1852c8) thrown at [/HUDSON3/workspace/8-2-build-linux-amd64/jdk8u101/7261/hotspot/src/share/vm/prims/jvm.cpp, line 1386]
Event: 0.087 Thread 0x00007f1d44009800 Exception <a 'java/security/PrivilegedActionException'> (0x000000076d187708) thrown at [/HUDSON3/workspace/8-2-build-linux-amd64/jdk8u101/7261/hotspot/src/share/vm/prims/jvm.cpp, line 1386]
Event: 0.087 Thread 0x00007f1d44009800 Exception <a 'java/security/PrivilegedActionException'> (0x000000076d187918) thrown at [/HUDSON3/workspace/8-2-build-linux-amd64/jdk8u101/7261/hotspot/src/share/vm/prims/jvm.cpp, line 1386]
Event: 0.131 Thread 0x00007f1d44009800 Exception <a 'java/lang/NoSuchFieldError': method resolution failed> (0x000000076d398e78) thrown at [/HUDSON3/workspace/8-2-build-linux-amd64/jdk8u101/7261/hotspot/src/share/vm/prims/methodHandles.cpp, line 1146]
Event: 0.133 Thread 0x00007f1d44009800 Exception <a 'java/lang/NoSuchFieldError': method resolution failed> (0x000000076d3a6648) thrown at [/HUDSON3/workspace/8-2-build-linux-amd64/jdk8u101/7261/hotspot/src/share/vm/prims/methodHandles.cpp, line 1146]
Event: 0.159 Thread 0x00007f1d44009800 Exception <a 'java/io/FileNotFoundException'> (0x000000076d425440) thrown at [/HUDSON3/workspace/8-2-build-linux-amd64/jdk8u101/7261/hotspot/src/share/vm/prims/jni.cpp, line 709]
Event: 0.159 Thread 0x00007f1d44009800 Exception <a 'java/io/FileNotFoundException'> (0x000000076d425ef8) thrown at [/HUDSON3/workspace/8-2-build-linux-amd64/jdk8u101/7261/hotspot/src/share/vm/prims/jni.cpp, line 709]
Event: 0.532 Thread 0x00007f1d44390000 Implicit null exception at 0x00007f1d35213d9d to 0x00007f1d35213fc5

Events (10 events):
Event: 0.537 loading class java/awt/KeyboardFocusManager$HeavyweightFocusRequest done
Event: 4.068 Executing VM operation: EnableBiasedLocking
Event: 4.068 Executing VM operation: EnableBiasedLocking done
Event: 8585.826 loading class java/util/Vector$1
Event: 8585.827 loading class java/util/Vector$1 done
Event: 9383.967 Thread 0x00007f1d44347800 Uncommon trap: trap_request=0xffffffc6 fr.pc=0x00007f1d352ae6a4
Event: 9383.967 Thread 0x00007f1d44347800 DEOPT PACKING pc=0x00007f1d352ae6a4 sp=0x00007f1d081154a0
Event: 9383.967 Thread 0x00007f1d44347800 DEOPT UNPACKING pc=0x00007f1d35005229 sp=0x00007f1d081154b8 mode 2
Event: 9383.967 loading class sun/awt/X11/XDestroyWindowEvent
Event: 9383.977 loading class sun/awt/X11/XDestroyWindowEvent done


Dynamic libraries:
00400000-00401000 r-xp 00000000 08:02 527920                             /usr/lib/jvm/java-8-oracle/jre/bin/java
00600000-00601000 rw-p 00000000 08:02 527920                             /usr/lib/jvm/java-8-oracle/jre/bin/java
00ce0000-00d01000 rw-p 00000000 00:00 0                                  [heap]
6c7200000-6d1900000 rw-p 00000000 00:00 0 
6d1900000-76d100000 ---p 00000000 00:00 0 
76d100000-772400000 rw-p 00000000 00:00 0 
772400000-7c0000000 ---p 00000000 00:00 0 
7c0000000-7c0140000 rw-p 00000000 00:00 0 
7c0140000-800000000 ---p 00000000 00:00 0 
7f1cc8000000-7f1cc806b000 rw-p 00000000 00:00 0 
7f1cc806b000-7f1ccc000000 ---p 00000000 00:00 0 
7f1ccc000000-7f1ccc294000 rw-p 00000000 00:00 0 
7f1ccc294000-7f1cd0000000 ---p 00000000 00:00 0 
7f1cd0000000-7f1cd0029000 rw-p 00000000 00:00 0 
7f1cd0029000-7f1cd4000000 ---p 00000000 00:00 0 
7f1cd4000000-7f1cd4021000 rw-p 00000000 00:00 0 
7f1cd4021000-7f1cd8000000 ---p 00000000 00:00 0 
7f1cd8000000-7f1cd8021000 rw-p 00000000 00:00 0 
7f1cd8021000-7f1cdc000000 ---p 00000000 00:00 0 
7f1cdc000000-7f1cdc021000 rw-p 00000000 00:00 0 
7f1cdc021000-7f1ce0000000 ---p 00000000 00:00 0 
7f1ce2c02000-7f1ce2c2c000 r-xp 00000000 08:02 527817                     /usr/lib/jvm/java-8-oracle/jre/lib/amd64/libdcpr.so
7f1ce2c2c000-7f1ce2e2c000 ---p 0002a000 08:02 527817                     /usr/lib/jvm/java-8-oracle/jre/lib/amd64/libdcpr.so
7f1ce2e2c000-7f1ce2e2f000 rw-p 0002a000 08:02 527817                     /usr/lib/jvm/java-8-oracle/jre/lib/amd64/libdcpr.so
7f1ce2e2f000-7f1ce2e98000 r-xp 00000000 08:02 527827                     /usr/lib/jvm/java-8-oracle/jre/lib/amd64/libt2k.so
7f1ce2e98000-7f1ce3098000 ---p 00069000 08:02 527827                     /usr/lib/jvm/java-8-oracle/jre/lib/amd64/libt2k.so
7f1ce3098000-7f1ce309f000 rw-p 00069000 08:02 527827                     /usr/lib/jvm/java-8-oracle/jre/lib/amd64/libt2k.so
7f1ce309f000-7f1ce30af000 rw-p 00000000 00:00 0 
7f1ce30af000-7f1ce30c0000 r-xp 00000000 08:02 527781                     /usr/lib/jvm/java-8-oracle/jre/lib/amd64/libnio.so
7f1ce30c0000-7f1ce32bf000 ---p 00011000 08:02 527781                     /usr/lib/jvm/java-8-oracle/jre/lib/amd64/libnio.so
7f1ce32bf000-7f1ce32c0000 rw-p 00010000 08:02 527781                     /usr/lib/jvm/java-8-oracle/jre/lib/amd64/libnio.so
7f1ce32c0000-7f1ce3380000 rw-p 00000000 00:00 0 
7f1ce3380000-7f1ce34c0000 ---p 00000000 00:00 0 
7f1ce34c0000-7f1ce34d6000 r-xp 00000000 08:02 527773                     /usr/lib/jvm/java-8-oracle/jre/lib/amd64/libnet.so
7f1ce34d6000-7f1ce36d6000 ---p 00016000 08:02 527773                     /usr/lib/jvm/java-8-oracle/jre/lib/amd64/libnet.so
7f1ce36d6000-7f1ce36d7000 rw-p 00016000 08:02 527773                     /usr/lib/jvm/java-8-oracle/jre/lib/amd64/libnet.so
7f1ce36d7000-7f1ce36da000 ---p 00000000 00:00 0 
7f1ce36da000-7f1ce37d8000 rw-p 00000000 00:00 0                          [stack:2642]
7f1ce37d8000-7f1ce37db000 ---p 00000000 00:00 0 
7f1ce37db000-7f1ce38d9000 rw-p 00000000 00:00 0                          [stack:2641]
7f1ce38d9000-7f1ce38dc000 ---p 00000000 00:00 0 
7f1ce38dc000-7f1ce39da000 rw-p 00000000 00:00 0                          [stack:2640]
7f1ce39da000-7f1ce39df000 r-xp 00000000 08:02 13111513                   /usr/lib/x86_64-linux-gnu/libXfixes.so.3.1.0
7f1ce39df000-7f1ce3bde000 ---p 00005000 08:02 13111513                   /usr/lib/x86_64-linux-gnu/libXfixes.so.3.1.0
7f1ce3bde000-7f1ce3bdf000 r--p 00004000 08:02 13111513                   /usr/lib/x86_64-linux-gnu/libXfixes.so.3.1.0
7f1ce3bdf000-7f1ce3be0000 rw-p 00005000 08:02 13111513                   /usr/lib/x86_64-linux-gnu/libXfixes.so.3.1.0
7f1ce3be0000-7f1ce3be9000 r-xp 00000000 08:02 13115337                   /usr/lib/x86_64-linux-gnu/libXcursor.so.1.0.2
7f1ce3be9000-7f1ce3de8000 ---p 00009000 08:02 13115337                   /usr/lib/x86_64-linux-gnu/libXcursor.so.1.0.2
7f1ce3de8000-7f1ce3de9000 r--p 00008000 08:02 13115337                   /usr/lib/x86_64-linux-gnu/libXcursor.so.1.0.2
7f1ce3de9000-7f1ce3dea000 rw-p 00009000 08:02 13115337                   /usr/lib/x86_64-linux-gnu/libXcursor.so.1.0.2
7f1ce3dea000-7f1ce3e00000 r-xp 00000000 08:02 135092                     /lib/x86_64-linux-gnu/libgcc_s.so.1
7f1ce3e00000-7f1ce3fff000 ---p 00016000 08:02 135092                     /lib/x86_64-linux-gnu/libgcc_s.so.1
7f1ce3fff000-7f1ce4000000 rw-p 00015000 08:02 135092                     /lib/x86_64-linux-gnu/libgcc_s.so.1
7f1ce4000000-7f1ce44c0000 rw-p 00000000 00:00 0 
7f1ce44c0000-7f1ce8000000 ---p 00000000 00:00 0 
7f1ce8000000-7f1ce8021000 rw-p 00000000 00:00 0 
7f1ce8021000-7f1cec000000 ---p 00000000 00:00 0 
7f1cec000000-7f1cec7bd000 rw-p 00000000 00:00 0 
7f1cec7bd000-7f1cf0000000 ---p 00000000 00:00 0 
7f1cf0000000-7f1cf016f000 rw-p 00000000 00:00 0 
7f1cf016f000-7f1cf4000000 ---p 00000000 00:00 0 
7f1cf4000000-7f1cf4021000 rw-p 00000000 00:00 0 
7f1cf4021000-7f1cf8000000 ---p 00000000 00:00 0 
7f1cf8000000-7f1cf81b4000 rw-p 00000000 00:00 0 
7f1cf81b4000-7f1cfc000000 ---p 00000000 00:00 0 
7f1cfc000000-7f1cfc021000 rw-p 00000000 00:00 0 
7f1cfc021000-7f1d00000000 ---p 00000000 00:00 0 
7f1d00000000-7f1d00021000 rw-p 00000000 00:00 0 
7f1d00021000-7f1d04000000 ---p 00000000 00:00 0 
7f1d04000000-7f1d04021000 rw-p 00000000 00:00 0 
7f1d04021000-7f1d08000000 ---p 00000000 00:00 0 
7f1d08016000-7f1d08019000 ---p 00000000 00:00 0 
7f1d08019000-7f1d08117000 rw-p 00000000 00:00 0                          [stack:2634]
7f1d08117000-7f1d0817c000 r-xp 00000000 08:02 527796                     /usr/lib/jvm/java-8-oracle/jre/lib/amd64/libfontmanager.so
7f1d0817c000-7f1d0837b000 ---p 00065000 08:02 527796                     /usr/lib/jvm/java-8-oracle/jre/lib/amd64/libfontmanager.so
7f1d0837b000-7f1d08380000 rw-p 00064000 08:02 527796                     /usr/lib/jvm/java-8-oracle/jre/lib/amd64/libfontmanager.so
7f1d08380000-7f1d10000000 rw-p 00000000 00:00 0 
7f1d10000000-7f1d10021000 rw-p 00000000 00:00 0 
7f1d10021000-7f1d14000000 ---p 00000000 00:00 0 
7f1d14000000-7f1d14021000 rw-p 00000000 00:00 0 
7f1d14021000-7f1d18000000 ---p 00000000 00:00 0 
7f1d18000000-7f1d18021000 rw-p 00000000 00:00 0 
7f1d18021000-7f1d1c000000 ---p 00000000 00:00 0 
7f1d1c000000-7f1d1c021000 rw-p 00000000 00:00 0 
7f1d1c021000-7f1d20000000 ---p 00000000 00:00 0 
7f1d20041000-7f1d20044000 ---p 00000000 00:00 0 
7f1d20044000-7f1d20142000 rw-p 00000000 00:00 0                          [stack:2632]
7f1d20142000-7f1d20147000 r-xp 00000000 08:02 13115341                   /usr/lib/x86_64-linux-gnu/libXdmcp.so.6.0.0
7f1d20147000-7f1d20346000 ---p 00005000 08:02 13115341                   /usr/lib/x86_64-linux-gnu/libXdmcp.so.6.0.0
7f1d20346000-7f1d20347000 r--p 00004000 08:02 13115341                   /usr/lib/x86_64-linux-gnu/libXdmcp.so.6.0.0
7f1d20347000-7f1d20348000 rw-p 00005000 08:02 13115341                   /usr/lib/x86_64-linux-gnu/libXdmcp.so.6.0.0
7f1d20348000-7f1d2034a000 r-xp 00000000 08:02 13115330                   /usr/lib/x86_64-linux-gnu/libXau.so.6.0.0
7f1d2034a000-7f1d2054a000 ---p 00002000 08:02 13115330                   /usr/lib/x86_64-linux-gnu/libXau.so.6.0.0
7f1d2054a000-7f1d2054b000 r--p 00002000 08:02 13115330                   /usr/lib/x86_64-linux-gnu/libXau.so.6.0.0
7f1d2054b000-7f1d2054c000 rw-p 00003000 08:02 13115330                   /usr/lib/x86_64-linux-gnu/libXau.so.6.0.0
7f1d2054c000-7f1d20569000 r-xp 00000000 08:02 13116400                   /usr/lib/x86_64-linux-gnu/libxcb.so.1.1.0
7f1d20569000-7f1d20769000 ---p 0001d000 08:02 13116400                   /usr/lib/x86_64-linux-gnu/libxcb.so.1.1.0
7f1d20769000-7f1d2076a000 r--p 0001d000 08:02 13116400                   /usr/lib/x86_64-linux-gnu/libxcb.so.1.1.0
7f1d2076a000-7f1d2076b000 rw-p 0001e000 08:02 13116400                   /usr/lib/x86_64-linux-gnu/libxcb.so.1.1.0
7f1d2076b000-7f1d2077a000 r-xp 00000000 08:02 13115351                   /usr/lib/x86_64-linux-gnu/libXi.so.6.1.0
7f1d2077a000-7f1d20979000 ---p 0000f000 08:02 13115351                   /usr/lib/x86_64-linux-gnu/libXi.so.6.1.0
7f1d20979000-7f1d2097a000 r--p 0000e000 08:02 13115351                   /usr/lib/x86_64-linux-gnu/libXi.so.6.1.0
7f1d2097a000-7f1d2097b000 rw-p 0000f000 08:02 13115351                   /usr/lib/x86_64-linux-gnu/libXi.so.6.1.0
7f1d2097b000-7f1d20980000 r-xp 00000000 08:02 13115371                   /usr/lib/x86_64-linux-gnu/libXtst.so.6.1.0
7f1d20980000-7f1d20b7f000 ---p 00005000 08:02 13115371                   /usr/lib/x86_64-linux-gnu/libXtst.so.6.1.0
7f1d20b7f000-7f1d20b80000 r--p 00004000 08:02 13115371                   /usr/lib/x86_64-linux-gnu/libXtst.so.6.1.0
7f1d20b80000-7f1d20b81000 rw-p 00005000 08:02 13115371                   /usr/lib/x86_64-linux-gnu/libXtst.so.6.1.0
7f1d20b81000-7f1d20b8a000 r-xp 00000000 08:02 13115365                   /usr/lib/x86_64-linux-gnu/libXrender.so.1.3.0
7f1d20b8a000-7f1d20d89000 ---p 00009000 08:02 13115365                   /usr/lib/x86_64-linux-gnu/libXrender.so.1.3.0
7f1d20d89000-7f1d20d8a000 r--p 00008000 08:02 13115365                   /usr/lib/x86_64-linux-gnu/libXrender.so.1.3.0
7f1d20d8a000-7f1d20d8b000 rw-p 00009000 08:02 13115365                   /usr/lib/x86_64-linux-gnu/libXrender.so.1.3.0
7f1d20d8b000-7f1d20ebb000 r-xp 00000000 08:02 13115326                   /usr/lib/x86_64-linux-gnu/libX11.so.6.3.0
7f1d20ebb000-7f1d210bb000 ---p 00130000 08:02 13115326                   /usr/lib/x86_64-linux-gnu/libX11.so.6.3.0
7f1d210bb000-7f1d210bc000 r--p 00130000 08:02 13115326                   /usr/lib/x86_64-linux-gnu/libX11.so.6.3.0
7f1d210bc000-7f1d210c0000 rw-p 00131000 08:02 13115326                   /usr/lib/x86_64-linux-gnu/libX11.so.6.3.0
7f1d210c0000-7f1d210d1000 r-xp 00000000 08:02 13111498                   /usr/lib/x86_64-linux-gnu/libXext.so.6.4.0
7f1d210d1000-7f1d212d0000 ---p 00011000 08:02 13111498                   /usr/lib/x86_64-linux-gnu/libXext.so.6.4.0
7f1d212d0000-7f1d212d1000 r--p 00010000 08:02 13111498                   /usr/lib/x86_64-linux-gnu/libXext.so.6.4.0
7f1d212d1000-7f1d212d2000 rw-p 00011000 08:02 13111498                   /usr/lib/x86_64-linux-gnu/libXext.so.6.4.0
7f1d212d2000-7f1d21326000 r-xp 00000000 08:02 527841                     /usr/lib/jvm/java-8-oracle/jre/lib/amd64/libawt_xawt.so
7f1d21326000-7f1d21526000 ---p 00054000 08:02 527841                     /usr/lib/jvm/java-8-oracle/jre/lib/amd64/libawt_xawt.so
7f1d21526000-7f1d2152a000 rw-p 00054000 08:02 527841                     /usr/lib/jvm/java-8-oracle/jre/lib/amd64/libawt_xawt.so
7f1d2152a000-7f1d2152b000 rw-p 00000000 00:00 0 
7f1d2152b000-7f1d215cd000 r-xp 00000000 08:02 527837                     /usr/lib/jvm/java-8-oracle/jre/lib/amd64/libawt.so
7f1d215cd000-7f1d217cd000 ---p 000a2000 08:02 527837                     /usr/lib/jvm/java-8-oracle/jre/lib/amd64/libawt.so
7f1d217cd000-7f1d217d9000 rw-p 000a2000 08:02 527837                     /usr/lib/jvm/java-8-oracle/jre/lib/amd64/libawt.so
7f1d217d9000-7f1d217fd000 rw-p 00000000 00:00 0 
7f1d217fd000-7f1d217fe000 ---p 00000000 00:00 0 
7f1d217fe000-7f1d218fe000 rw-p 00000000 00:00 0                          [stack:2625]
7f1d218fe000-7f1d21901000 ---p 00000000 00:00 0 
7f1d21901000-7f1d219ff000 rw-p 00000000 00:00 0                          [stack:2623]
7f1d219ff000-7f1d21a02000 ---p 00000000 00:00 0 
7f1d21a02000-7f1d21b00000 rw-p 00000000 00:00 0                          [stack:2622]
7f1d21b00000-7f1d21b03000 ---p 00000000 00:00 0 
7f1d21b03000-7f1d21c01000 rw-p 00000000 00:00 0                          [stack:2621]
7f1d21c01000-7f1d21c04000 ---p 00000000 00:00 0 
7f1d21c04000-7f1d21d02000 rw-p 00000000 00:00 0                          [stack:2620]
7f1d21d02000-7f1d21d05000 ---p 00000000 00:00 0 
7f1d21d05000-7f1d21e03000 rw-p 00000000 00:00 0                          [stack:2619]
7f1d21e03000-7f1d21e06000 ---p 00000000 00:00 0 
7f1d21e06000-7f1d21f04000 rw-p 00000000 00:00 0                          [stack:2618]
7f1d21f04000-7f1d225e6000 r--p 00000000 08:02 13114258                   /usr/lib/locale/locale-archive
7f1d225e6000-7f1d225e9000 ---p 00000000 00:00 0 
7f1d225e9000-7f1d226e7000 rw-p 00000000 00:00 0                          [stack:2607]
7f1d226e7000-7f1d226ea000 ---p 00000000 00:00 0 
7f1d226ea000-7f1d227e8000 rw-p 00000000 00:00 0                          [stack:2606]
7f1d227e8000-7f1d227e9000 ---p 00000000 00:00 0 
7f1d227e9000-7f1d24000000 rw-p 00000000 00:00 0                          [stack:2603]
7f1d24000000-7f1d24021000 rw-p 00000000 00:00 0 
7f1d24021000-7f1d28000000 ---p 00000000 00:00 0 
7f1d28000000-7f1d28021000 rw-p 00000000 00:00 0 
7f1d28021000-7f1d2c000000 ---p 00000000 00:00 0 
7f1d2c000000-7f1d2c021000 rw-p 00000000 00:00 0 
7f1d2c021000-7f1d30000000 ---p 00000000 00:00 0 
7f1d30000000-7f1d30021000 rw-p 00000000 00:00 0 
7f1d30021000-7f1d34000000 ---p 00000000 00:00 0 
7f1d34039000-7f1d35000000 rw-p 00000000 00:00 0 
7f1d35000000-7f1d352c0000 rwxp 00000000 00:00 0 
7f1d352c0000-7f1d44000000 ---p 00000000 00:00 0 
7f1d44000000-7f1d445f8000 rw-p 00000000 00:00 0 
7f1d445f8000-7f1d48000000 ---p 00000000 00:00 0 
7f1d480d0000-7f1d48523000 rw-p 00000000 00:00 0 
7f1d48523000-7f1d486fc000 r--s 03d29000 08:02 404859                     /usr/lib/jvm/java-8-oracle/jre/lib/rt.jar
7f1d486fc000-7f1d48772000 rw-p 00000000 00:00 0 
7f1d48772000-7f1d48773000 ---p 00000000 00:00 0 
7f1d48773000-7f1d48873000 rw-p 00000000 00:00 0                          [stack:2598]
7f1d48873000-7f1d48874000 ---p 00000000 00:00 0 
7f1d48874000-7f1d48974000 rw-p 00000000 00:00 0                          [stack:2597]
7f1d48974000-7f1d48975000 ---p 00000000 00:00 0 
7f1d48975000-7f1d48a75000 rw-p 00000000 00:00 0                          [stack:2596]
7f1d48a75000-7f1d48a76000 ---p 00000000 00:00 0 
7f1d48a76000-7f1d48b76000 rw-p 00000000 00:00 0                          [stack:2595]
7f1d48b76000-7f1d48b77000 ---p 00000000 00:00 0 
7f1d48b77000-7f1d48c77000 rw-p 00000000 00:00 0                          [stack:2594]
7f1d48c77000-7f1d48c78000 ---p 00000000 00:00 0 
7f1d48c78000-7f1d48d78000 rw-p 00000000 00:00 0                          [stack:2593]
7f1d48d78000-7f1d48d79000 ---p 00000000 00:00 0 
7f1d48d79000-7f1d48e79000 rw-p 00000000 00:00 0                          [stack:2592]
7f1d48e79000-7f1d48e7a000 ---p 00000000 00:00 0 
7f1d48e7a000-7f1d48fce000 rw-p 00000000 00:00 0                          [stack:2591]
7f1d48fce000-7f1d494aa000 ---p 00000000 00:00 0 
7f1d494aa000-7f1d494fe000 rw-p 00000000 00:00 0 
7f1d494fe000-7f1d499d9000 ---p 00000000 00:00 0 
7f1d499d9000-7f1d49a03000 rw-p 00000000 00:00 0 
7f1d49a03000-7f1d49c71000 ---p 00000000 00:00 0 
7f1d49c71000-7f1d49c7d000 rw-p 00000000 00:00 0 
7f1d49c7d000-7f1d4a032000 ---p 00000000 00:00 0 
7f1d4a032000-7f1d4a04c000 r-xp 00000000 08:02 527791                     /usr/lib/jvm/java-8-oracle/jre/lib/amd64/libzip.so
7f1d4a04c000-7f1d4a24c000 ---p 0001a000 08:02 527791                     /usr/lib/jvm/java-8-oracle/jre/lib/amd64/libzip.so
7f1d4a24c000-7f1d4a24d000 rw-p 0001a000 08:02 527791                     /usr/lib/jvm/java-8-oracle/jre/lib/amd64/libzip.so
7f1d4a24d000-7f1d4a258000 r-xp 00000000 08:02 135140                     /lib/x86_64-linux-gnu/libnss_files-2.19.so
7f1d4a258000-7f1d4a457000 ---p 0000b000 08:02 135140                     /lib/x86_64-linux-gnu/libnss_files-2.19.so
7f1d4a457000-7f1d4a458000 r--p 0000a000 08:02 135140                     /lib/x86_64-linux-gnu/libnss_files-2.19.so
7f1d4a458000-7f1d4a459000 rw-p 0000b000 08:02 135140                     /lib/x86_64-linux-gnu/libnss_files-2.19.so
7f1d4a459000-7f1d4a464000 r-xp 00000000 08:02 135150                     /lib/x86_64-linux-gnu/libnss_nis-2.19.so
7f1d4a464000-7f1d4a663000 ---p 0000b000 08:02 135150                     /lib/x86_64-linux-gnu/libnss_nis-2.19.so
7f1d4a663000-7f1d4a664000 r--p 0000a000 08:02 135150                     /lib/x86_64-linux-gnu/libnss_nis-2.19.so
7f1d4a664000-7f1d4a665000 rw-p 0000b000 08:02 135150                     /lib/x86_64-linux-gnu/libnss_nis-2.19.so
7f1d4a665000-7f1d4a67c000 r-xp 00000000 08:02 135134                     /lib/x86_64-linux-gnu/libnsl-2.19.so
7f1d4a67c000-7f1d4a87b000 ---p 00017000 08:02 135134                     /lib/x86_64-linux-gnu/libnsl-2.19.so
7f1d4a87b000-7f1d4a87c000 r--p 00016000 08:02 135134                     /lib/x86_64-linux-gnu/libnsl-2.19.so
7f1d4a87c000-7f1d4a87d000 rw-p 00017000 08:02 135134                     /lib/x86_64-linux-gnu/libnsl-2.19.so
7f1d4a87d000-7f1d4a87f000 rw-p 00000000 00:00 0 
7f1d4a87f000-7f1d4a888000 r-xp 00000000 08:02 135136                     /lib/x86_64-linux-gnu/libnss_compat-2.19.so
7f1d4a888000-7f1d4aa87000 ---p 00009000 08:02 135136                     /lib/x86_64-linux-gnu/libnss_compat-2.19.so
7f1d4aa87000-7f1d4aa88000 r--p 00008000 08:02 135136                     /lib/x86_64-linux-gnu/libnss_compat-2.19.so
7f1d4aa88000-7f1d4aa89000 rw-p 00009000 08:02 135136                     /lib/x86_64-linux-gnu/libnss_compat-2.19.so
7f1d4aa89000-7f1d4aab3000 r-xp 00000000 08:02 527803                     /usr/lib/jvm/java-8-oracle/jre/lib/amd64/libjava.so
7f1d4aab3000-7f1d4acb3000 ---p 0002a000 08:02 527803                     /usr/lib/jvm/java-8-oracle/jre/lib/amd64/libjava.so
7f1d4acb3000-7f1d4acb5000 rw-p 0002a000 08:02 527803                     /usr/lib/jvm/java-8-oracle/jre/lib/amd64/libjava.so
7f1d4acb5000-7f1d4acc2000 r-xp 00000000 08:02 527818                     /usr/lib/jvm/java-8-oracle/jre/lib/amd64/libverify.so
7f1d4acc2000-7f1d4aec2000 ---p 0000d000 08:02 527818                     /usr/lib/jvm/java-8-oracle/jre/lib/amd64/libverify.so
7f1d4aec2000-7f1d4aec4000 rw-p 0000d000 08:02 527818                     /usr/lib/jvm/java-8-oracle/jre/lib/amd64/libverify.so
7f1d4aec4000-7f1d4aecb000 r-xp 00000000 08:02 135193                     /lib/x86_64-linux-gnu/librt-2.19.so
7f1d4aecb000-7f1d4b0ca000 ---p 00007000 08:02 135193                     /lib/x86_64-linux-gnu/librt-2.19.so
7f1d4b0ca000-7f1d4b0cb000 r--p 00006000 08:02 135193                     /lib/x86_64-linux-gnu/librt-2.19.so
7f1d4b0cb000-7f1d4b0cc000 rw-p 00007000 08:02 135193                     /lib/x86_64-linux-gnu/librt-2.19.so
7f1d4b0cc000-7f1d4b1d1000 r-xp 00000000 08:02 135115                     /lib/x86_64-linux-gnu/libm-2.19.so
7f1d4b1d1000-7f1d4b3d0000 ---p 00105000 08:02 135115                     /lib/x86_64-linux-gnu/libm-2.19.so
7f1d4b3d0000-7f1d4b3d1000 r--p 00104000 08:02 135115                     /lib/x86_64-linux-gnu/libm-2.19.so
7f1d4b3d1000-7f1d4b3d2000 rw-p 00105000 08:02 135115                     /lib/x86_64-linux-gnu/libm-2.19.so
7f1d4b3d2000-7f1d4c09d000 r-xp 00000000 08:02 527747                     /usr/lib/jvm/java-8-oracle/jre/lib/amd64/server/libjvm.so
7f1d4c09d000-7f1d4c29c000 ---p 00ccb000 08:02 527747                     /usr/lib/jvm/java-8-oracle/jre/lib/amd64/server/libjvm.so
7f1d4c29c000-7f1d4c375000 rw-p 00cca000 08:02 527747                     /usr/lib/jvm/java-8-oracle/jre/lib/amd64/server/libjvm.so
7f1d4c375000-7f1d4c3c0000 rw-p 00000000 00:00 0 
7f1d4c3c0000-7f1d4c57c000 r-xp 00000000 08:02 135065                     /lib/x86_64-linux-gnu/libc-2.19.so
7f1d4c57c000-7f1d4c77b000 ---p 001bc000 08:02 135065                     /lib/x86_64-linux-gnu/libc-2.19.so
7f1d4c77b000-7f1d4c77f000 r--p 001bb000 08:02 135065                     /lib/x86_64-linux-gnu/libc-2.19.so
7f1d4c77f000-7f1d4c781000 rw-p 001bf000 08:02 135065                     /lib/x86_64-linux-gnu/libc-2.19.so
7f1d4c781000-7f1d4c786000 rw-p 00000000 00:00 0 
7f1d4c786000-7f1d4c789000 r-xp 00000000 08:02 135082                     /lib/x86_64-linux-gnu/libdl-2.19.so
7f1d4c789000-7f1d4c988000 ---p 00003000 08:02 135082                     /lib/x86_64-linux-gnu/libdl-2.19.so
7f1d4c988000-7f1d4c989000 r--p 00002000 08:02 135082                     /lib/x86_64-linux-gnu/libdl-2.19.so
7f1d4c989000-7f1d4c98a000 rw-p 00003000 08:02 135082                     /lib/x86_64-linux-gnu/libdl-2.19.so
7f1d4c98a000-7f1d4c99f000 r-xp 00000000 08:02 527789                     /usr/lib/jvm/java-8-oracle/jre/lib/amd64/jli/libjli.so
7f1d4c99f000-7f1d4cb9f000 ---p 00015000 08:02 527789                     /usr/lib/jvm/java-8-oracle/jre/lib/amd64/jli/libjli.so
7f1d4cb9f000-7f1d4cba0000 rw-p 00015000 08:02 527789                     /usr/lib/jvm/java-8-oracle/jre/lib/amd64/jli/libjli.so
7f1d4cba0000-7f1d4cbb9000 r-xp 00000000 08:02 135185                     /lib/x86_64-linux-gnu/libpthread-2.19.so
7f1d4cbb9000-7f1d4cdb8000 ---p 00019000 08:02 135185                     /lib/x86_64-linux-gnu/libpthread-2.19.so
7f1d4cdb8000-7f1d4cdb9000 r--p 00018000 08:02 135185                     /lib/x86_64-linux-gnu/libpthread-2.19.so
7f1d4cdb9000-7f1d4cdba000 rw-p 00019000 08:02 135185                     /lib/x86_64-linux-gnu/libpthread-2.19.so
7f1d4cdba000-7f1d4cdbe000 rw-p 00000000 00:00 0 
7f1d4cdbe000-7f1d4cde1000 r-xp 00000000 08:02 135041                     /lib/x86_64-linux-gnu/ld-2.19.so
7f1d4cdee000-7f1d4cdf5000 r--s 00000000 08:02 931                        /usr/lib/x86_64-linux-gnu/gconv/gconv-modules.cache
7f1d4cdf5000-7f1d4ce1b000 r--p 00000000 08:02 1072066                    /usr/share/locale-langpack/es/LC_MESSAGES/libc.mo
7f1d4ce1b000-7f1d4cec4000 rw-p 00000000 00:00 0 
7f1d4cec4000-7f1d4cec7000 ---p 00000000 00:00 0 
7f1d4cec7000-7f1d4cfc9000 rw-p 00000000 00:00 0                          [stack:2576]
7f1d4cfce000-7f1d4cfd3000 r--s 002f9000 08:02 404912                     /usr/lib/jvm/java-8-oracle/jre/lib/charsets.jar
7f1d4cfd3000-7f1d4cfd4000 r--s 00006000 08:02 13374311                   /home/siviso/repositorio/SSF/build-SSF-Desktop_Qt_5_6_0_GCC_64bit-Debug/demon.jar
7f1d4cfd4000-7f1d4cfdc000 rw-s 00000000 08:02 7077915                    /tmp/hsperfdata_siviso/2572
7f1d4cfdc000-7f1d4cfdd000 rw-p 00000000 00:00 0 
7f1d4cfdd000-7f1d4cfde000 r--p 00000000 00:00 0 
7f1d4cfde000-7f1d4cfe0000 rw-p 00000000 00:00 0 
7f1d4cfe0000-7f1d4cfe1000 r--p 00022000 08:02 135041                     /lib/x86_64-linux-gnu/ld-2.19.so
7f1d4cfe1000-7f1d4cfe2000 rw-p 00023000 08:02 135041                     /lib/x86_64-linux-gnu/ld-2.19.so
7f1d4cfe2000-7f1d4cfe3000 rw-p 00000000 00:00 0 
7fff57f57000-7fff57f78000 rw-p 00000000 00:00 0                          [stack]
7fff57ffe000-7fff58000000 r-xp 00000000 00:00 0                          [vdso]
ffffffffff600000-ffffffffff601000 r-xp 00000000 00:00 0                  [vsyscall]

VM Arguments:
java_command: demon.jar
java_class_path (initial): demon.jar
Launcher Type: SUN_STANDARD

Environment Variables:
PATH=/home/siviso/Qt5.6.0/5.6/gcc_64/bin:/usr/bin:/usr/local/sbin:/usr/local/bin:/usr/sbin:/usr/bin:/sbin:/bin:/usr/games:/usr/local/games
LD_LIBRARY_PATH=/home/siviso/Qt5.6.0/5.6/gcc_64/lib:/home/siviso/Qt5.6.0/5.6/gcc_64/lib
SHELL=/bin/bash
DISPLAY=:0

Signal Handlers:
SIGSEGV: [libjvm.so+0xac4790], sa_mask[0]=11111111011111111101111111111110, sa_flags=SA_RESTART|SA_SIGINFO
SIGBUS: [libjvm.so+0xac4790], sa_mask[0]=11111111011111111101111111111110, sa_flags=SA_RESTART|SA_SIGINFO
SIGFPE: [libjvm.so+0x91f140], sa_mask[0]=11111111011111111101111111111110, sa_flags=SA_RESTART|SA_SIGINFO
SIGPIPE: [libjvm.so+0x91f140], sa_mask[0]=11111111011111111101111111111110, sa_flags=SA_RESTART|SA_SIGINFO
SIGXFSZ: [libjvm.so+0x91f140], sa_mask[0]=11111111011111111101111111111110, sa_flags=SA_RESTART|SA_SIGINFO
SIGILL: [libjvm.so+0x91f140], sa_mask[0]=11111111011111111101111111111110, sa_flags=SA_RESTART|SA_SIGINFO
SIGUSR1: SIG_DFL, sa_mask[0]=00000000000000000000000000000000, sa_flags=none
SIGUSR2: [libjvm.so+0x920770], sa_mask[0]=00000000000000000000000000000000, sa_flags=SA_RESTART|SA_SIGINFO
SIGHUP: [libjvm.so+0x921b70], sa_mask[0]=11111111011111111101111111111110, sa_flags=SA_RESTART|SA_SIGINFO
SIGINT: [libjvm.so+0x921b70], sa_mask[0]=11111111011111111101111111111110, sa_flags=SA_RESTART|SA_SIGINFO
SIGTERM: [libjvm.so+0x921b70], sa_mask[0]=11111111011111111101111111111110, sa_flags=SA_RESTART|SA_SIGINFO
SIGQUIT: [libjvm.so+0x921b70], sa_mask[0]=11111111011111111101111111111110, sa_flags=SA_RESTART|SA_SIGINFO


---------------  S Y S T E M  ---------------

OS:DISTRIB_ID=Ubuntu
DISTRIB_RELEASE=14.04
DISTRIB_CODENAME=trusty
DISTRIB_DESCRIPTION="Ubuntu 14.04.1 LTS"

uname:Linux 3.13.0-32-generic #57-Ubuntu SMP Tue Jul 15 03:51:08 UTC 2014 x86_64
libc:glibc 2.19 NPTL 2.19 
rlimit: STACK 8192k, CORE 0k, NPROC 125415, NOFILE 4096, AS infinity
load average:0.19 0.14 0.12

/proc/meminfo:
MemTotal:       16303332 kB
MemFree:        12551096 kB
Buffers:          116688 kB
Cached:          1689808 kB
SwapCached:            0 kB
Active:          2071372 kB
Inactive:        1385004 kB
Active(anon):    1653172 kB
Inactive(anon):   764504 kB
Active(file):     418200 kB
Inactive(file):   620500 kB
Unevictable:          32 kB
Mlocked:              32 kB
SwapTotal:      16645116 kB
SwapFree:       16645116 kB
Dirty:               368 kB
Writeback:             0 kB
AnonPages:       1649440 kB
Mapped:           244084 kB
Shmem:            767916 kB
Slab:             125236 kB
SReclaimable:      90956 kB
SUnreclaim:        34280 kB
KernelStack:        4216 kB
PageTables:        22852 kB
NFS_Unstable:          0 kB
Bounce:                0 kB
WritebackTmp:          0 kB
CommitLimit:    24796780 kB
Committed_AS:    5735940 kB
VmallocTotal:   34359738367 kB
VmallocUsed:      377492 kB
VmallocChunk:   34359352068 kB
HardwareCorrupted:     0 kB
AnonHugePages:    976896 kB
HugePages_Total:       0
HugePages_Free:        0
HugePages_Rsvd:        0
HugePages_Surp:        0
Hugepagesize:       2048 kB
DirectMap4k:       70252 kB
DirectMap2M:     1896448 kB
DirectMap1G:    14680064 kB


CPU:total 8 (4 cores per cpu, 2 threads per core) family 6 model 60 stepping 3, cmov, cx8, fxsr, mmx, sse, sse2, sse3, ssse3, sse4.1, sse4.2, popcnt, avx, avx2, aes, clmul, erms, rtm, lzcnt, ht, tsc, tscinvbit, bmi1, bmi2

/proc/cpuinfo:
processor	: 0
vendor_id	: GenuineIntel
cpu family	: 6
model		: 60
model name	: Intel(R) Core(TM) i7-4770 CPU @ 3.40GHz
stepping	: 3
microcode	: 0x19
cpu MHz		: 3392.294
cache size	: 8192 KB
physical id	: 0
siblings	: 8
core id		: 0
cpu cores	: 4
apicid		: 0
initial apicid	: 0
fpu		: yes
fpu_exception	: yes
cpuid level	: 13
wp		: yes
flags		: fpu vme de pse tsc msr pae mce cx8 apic sep mtrr pge mca cmov pat pse36 clflush dts acpi mmx fxsr sse sse2 ss ht tm pbe syscall nx pdpe1gb rdtscp lm constant_tsc arch_perfmon pebs bts rep_good nopl xtopology nonstop_tsc aperfmperf eagerfpu pni pclmulqdq dtes64 monitor ds_cpl vmx smx est tm2 ssse3 fma cx16 xtpr pdcm pcid sse4_1 sse4_2 x2apic movbe popcnt tsc_deadline_timer aes xsave avx f16c rdrand lahf_lm abm ida arat xsaveopt pln pts dtherm tpr_shadow vnmi flexpriority ept vpid fsgsbase tsc_adjust bmi1 hle avx2 smep bmi2 erms invpcid rtm
bogomips	: 6784.58
clflush size	: 64
cache_alignment	: 64
address sizes	: 39 bits physical, 48 bits virtual
power management:

processor	: 1
vendor_id	: GenuineIntel
cpu family	: 6
model		: 60
model name	: Intel(R) Core(TM) i7-4770 CPU @ 3.40GHz
stepping	: 3
microcode	: 0x19
cpu MHz		: 3392.294
cache size	: 8192 KB
physical id	: 0
siblings	: 8
core id		: 1
cpu cores	: 4
apicid		: 2
initial apicid	: 2
fpu		: yes
fpu_exception	: yes
cpuid level	: 13
wp		: yes
flags		: fpu vme de pse tsc msr pae mce cx8 apic sep mtrr pge mca cmov pat pse36 clflush dts acpi mmx fxsr sse sse2 ss ht tm pbe syscall nx pdpe1gb rdtscp lm constant_tsc arch_perfmon pebs bts rep_good nopl xtopology nonstop_tsc aperfmperf eagerfpu pni pclmulqdq dtes64 monitor ds_cpl vmx smx est tm2 ssse3 fma cx16 xtpr pdcm pcid sse4_1 sse4_2 x2apic movbe popcnt tsc_deadline_timer aes xsave avx f16c rdrand lahf_lm abm ida arat xsaveopt pln pts dtherm tpr_shadow vnmi flexpriority ept vpid fsgsbase tsc_adjust bmi1 hle avx2 smep bmi2 erms invpcid rtm
bogomips	: 6784.58
clflush size	: 64
cache_alignment	: 64
address sizes	: 39 bits physical, 48 bits virtual
power management:

processor	: 2
vendor_id	: GenuineIntel
cpu family	: 6
model		: 60
model name	: Intel(R) Core(TM) i7-4770 CPU @ 3.40GHz
stepping	: 3
microcode	: 0x19
cpu MHz		: 3392.294
cache size	: 8192 KB
physical id	: 0
siblings	: 8
core id		: 2
cpu cores	: 4
apicid		: 4
initial apicid	: 4
fpu		: yes
fpu_exception	: yes
cpuid level	: 13
wp		: yes
flags		: fpu vme de pse tsc msr pae mce cx8 apic sep mtrr pge mca cmov pat pse36 clflush dts acpi mmx fxsr sse sse2 ss ht tm pbe syscall nx pdpe1gb rdtscp lm constant_tsc arch_perfmon pebs bts rep_good nopl xtopology nonstop_tsc aperfmperf eagerfpu pni pclmulqdq dtes64 monitor ds_cpl vmx smx est tm2 ssse3 fma cx16 xtpr pdcm pcid sse4_1 sse4_2 x2apic movbe popcnt tsc_deadline_timer aes xsave avx f16c rdrand lahf_lm abm ida arat xsaveopt pln pts dtherm tpr_shadow vnmi flexpriority ept vpid fsgsbase tsc_adjust bmi1 hle avx2 smep bmi2 erms invpcid rtm
bogomips	: 6784.58
clflush size	: 64
cache_alignment	: 64
address sizes	: 39 bits physical, 48 bits virtual
power management:

processor	: 3
vendor_id	: GenuineIntel
cpu family	: 6
model		: 60
model name	: Intel(R) Core(TM) i7-4770 CPU @ 3.40GHz
stepping	: 3
microcode	: 0x19
cpu MHz		: 3392.294
cache size	: 8192 KB
physical id	: 0
siblings	: 8
core id		: 3
cpu cores	: 4
apicid		: 6
initial apicid	: 6
fpu		: yes
fpu_exception	: yes
cpuid level	: 13
wp		: yes
flags		: fpu vme de pse tsc msr pae mce cx8 apic sep mtrr pge mca cmov pat pse36 clflush dts acpi mmx fxsr sse sse2 ss ht tm pbe syscall nx pdpe1gb rdtscp lm constant_tsc arch_perfmon pebs bts rep_good nopl xtopology nonstop_tsc aperfmperf eagerfpu pni pclmulqdq dtes64 monitor ds_cpl vmx smx est tm2 ssse3 fma cx16 xtpr pdcm pcid sse4_1 sse4_2 x2apic movbe popcnt tsc_deadline_timer aes xsave avx f16c rdrand lahf_lm abm ida arat xsaveopt pln pts dtherm tpr_shadow vnmi flexpriority ept vpid fsgsbase tsc_adjust bmi1 hle avx2 smep bmi2 erms invpcid rtm
bogomips	: 6784.58
clflush size	: 64
cache_alignment	: 64
address sizes	: 39 bits physical, 48 bits virtual
power management:

processor	: 4
vendor_id	: GenuineIntel
cpu family	: 6
model		: 60
model name	: Intel(R) Core(TM) i7-4770 CPU @ 3.40GHz
stepping	: 3
microcode	: 0x19
cpu MHz		: 3392.294
cache size	: 8192 KB
physical id	: 0
siblings	: 8
core id		: 0
cpu cores	: 4
apicid		: 1
initial apicid	: 1
fpu		: yes
fpu_exception	: yes
cpuid level	: 13
wp		: yes
flags		: fpu vme de pse tsc msr pae mce cx8 apic sep mtrr pge mca cmov pat pse36 clflush dts acpi mmx fxsr sse sse2 ss ht tm pbe syscall nx pdpe1gb rdtscp lm constant_tsc arch_perfmon pebs bts rep_good nopl xtopology nonstop_tsc aperfmperf eagerfpu pni pclmulqdq dtes64 monitor ds_cpl vmx smx est tm2 ssse3 fma cx16 xtpr pdcm pcid sse4_1 sse4_2 x2apic movbe popcnt tsc_deadline_timer aes xsave avx f16c rdrand lahf_lm abm ida arat xsaveopt pln pts dtherm tpr_shadow vnmi flexpriority ept vpid fsgsbase tsc_adjust bmi1 hle avx2 smep bmi2 erms invpcid rtm
bogomips	: 6784.58
clflush size	: 64
cache_alignment	: 64
address sizes	: 39 bits physical, 48 bits virtual
power management:

processor	: 5
vendor_id	: GenuineIntel
cpu family	: 6
model		: 60
model name	: Intel(R) Core(TM) i7-4770 CPU @ 3.40GHz
stepping	: 3
microcode	: 0x19
cpu MHz		: 3392.294
cache size	: 8192 KB
physical id	: 0
siblings	: 8
core id		: 1
cpu cores	: 4
apicid		: 3
initial apicid	: 3
fpu		: yes
fpu_exception	: yes
cpuid level	: 13
wp		: yes
flags		: fpu vme de pse tsc msr pae mce cx8 apic sep mtrr pge mca cmov pat pse36 clflush dts acpi mmx fxsr sse sse2 ss ht tm pbe syscall nx pdpe1gb rdtscp lm constant_tsc arch_perfmon pebs bts rep_good nopl xtopology nonstop_tsc aperfmperf eagerfpu pni pclmulqdq dtes64 monitor ds_cpl vmx smx est tm2 ssse3 fma cx16 xtpr pdcm pcid sse4_1 sse4_2 x2apic movbe popcnt tsc_deadline_timer aes xsave avx f16c rdrand lahf_lm abm ida arat xsaveopt pln pts dtherm tpr_shadow vnmi flexpriority ept vpid fsgsbase tsc_adjust bmi1 hle avx2 smep bmi2 erms invpcid rtm
bogomips	: 6784.58
clflush size	: 64
cache_alignment	: 64
address sizes	: 39 bits physical, 48 bits virtual
power management:

processor	: 6
vendor_id	: GenuineIntel
cpu family	: 6
model		: 60
model name	: Intel(R) Core(TM) i7-4770 CPU @ 3.40GHz
stepping	: 3
microcode	: 0x19
cpu MHz		: 3392.294
cache size	: 8192 KB
physical id	: 0
siblings	: 8
core id		: 2
cpu cores	: 4
apicid		: 5
initial apicid	: 5
fpu		: yes
fpu_exception	: yes
cpuid level	: 13
wp		: yes
flags		: fpu vme de pse tsc msr pae mce cx8 apic sep mtrr pge mca cmov pat pse36 clflush dts acpi mmx fxsr sse sse2 ss ht tm pbe syscall nx pdpe1gb rdtscp lm constant_tsc arch_perfmon pebs bts rep_good nopl xtopology nonstop_tsc aperfmperf eagerfpu pni pclmulqdq dtes64 monitor ds_cpl vmx smx est tm2 ssse3 fma cx16 xtpr pdcm pcid sse4_1 sse4_2 x2apic movbe popcnt tsc_deadline_timer aes xsave avx f16c rdrand lahf_lm abm ida arat xsaveopt pln pts dtherm tpr_shadow vnmi flexpriority ept vpid fsgsbase tsc_adjust bmi1 hle avx2 smep bmi2 erms invpcid rtm
bogomips	: 6784.58
clflush size	: 64
cache_alignment	: 64
address sizes	: 39 bits physical, 48 bits virtual
power management:

processor	: 7
vendor_id	: GenuineIntel
cpu family	: 6
model		: 60
model name	: Intel(R) Core(TM) i7-4770 CPU @ 3.40GHz
stepping	: 3
microcode	: 0x19
cpu MHz		: 3392.294
cache size	: 8192 KB
physical id	: 0
siblings	: 8
core id		: 3
cpu cores	: 4
apicid		: 7
initial apicid	: 7
fpu		: yes
fpu_exception	: yes
cpuid level	: 13
wp		: yes
flags		: fpu vme de pse tsc msr pae mce cx8 apic sep mtrr pge mca cmov pat pse36 clflush dts acpi mmx fxsr sse sse2 ss ht tm pbe syscall nx pdpe1gb rdtscp lm constant_tsc arch_perfmon pebs bts rep_good nopl xtopology nonstop_tsc aperfmperf eagerfpu pni pclmulqdq dtes64 monitor ds_cpl vmx smx est tm2 ssse3 fma cx16 xtpr pdcm pcid sse4_1 sse4_2 x2apic movbe popcnt tsc_deadline_timer aes xsave avx f16c rdrand lahf_lm abm ida arat xsaveopt pln pts dtherm tpr_shadow vnmi flexpriority ept vpid fsgsbase tsc_adjust bmi1 hle avx2 smep bmi2 erms invpcid rtm
bogomips	: 6784.58
clflush size	: 64
cache_alignment	: 64
address sizes	: 39 bits physical, 48 bits virtual
power management:



Memory: 4k page, physical 16303332k(12556080k free), swap 16645116k(16645116k free)

vm_info: Java HotSpot(TM) 64-Bit Server VM (25.101-b13) for linux-amd64 JRE (1.8.0_101-b13), built on Jun 22 2016 02:59:44 by "java_re" with gcc 4.3.0 20080428 (Red Hat 4.3.0-8)

time: Thu Apr 27 15:48:04 2017
elapsed time: 9383 seconds (0d 2h 36m 23s)

